<?xml version="1.0" encoding="UTF-8"?>
<testsuite xmlns:xsi="http://www.w3.org/2001/XMLSchema-instance" xsi:noNamespaceSchemaLocation="https://maven.apache.org/surefire/maven-surefire-plugin/xsd/surefire-test-report-3.0.xsd" version="3.0" name="com.miguno.StatusTest" time="4.235" tests="1" errors="0" skipped="0" failures="0">
  <properties>
[...]
</properties>
  <testcase name="shouldReceiveIdleStatus" classname="com.miguno.StatusTest" time="4.055">
    <system-err><![CDATA[Feb 24, 2023 9:12:56 AM org.glassfish.jersey.message.internal.MessagingBinders$EnabledProvidersBinder bindToBinder
WARNING: A class javax.activation.DataSource for a default provider MessageBodyWriter<javax.activation.DataSource> was not found. The provider is not available.
Feb 24, 2023 9:12:56 AM org.glassfish.jersey.server.wadl.WadlFeature configure
WARNING: JAX-B API not found . WADL feature is disabled.
Feb 24, 2023 9:12:57 AM org.glassfish.grizzly.http.server.NetworkListener start
INFO: Started listener bound to [0.0.0.0:8123]
Feb 24, 2023 9:12:57 AM org.glassfish.grizzly.http.server.HttpServer start
INFO: [HttpServer] Started.
Feb 24, 2023 9:12:58 AM org.glassfish.grizzly.http.server.NetworkListener shutdownNow
INFO: Stopped listener bound to [0.0.0.0:8123]
]]></system-err>
  </testcase>
</testsuite>